[2m2025-11-04T05:58:24.321816Z[0m [32m INFO[0m [2mcli[0m[2m:[0m Starting RiTerm Host Server
[2m2025-11-04T05:58:24.322920Z[0m [32m INFO[0m [2mcli::message_server[0m[2m:[0m Initializing CLI message server...
[2m2025-11-04T05:58:24.324491Z[0m [32m INFO[0m [2mriterm_shared::event_manager[0m[2m:[0m Initializing communication manager for node: riterm_cli_host
[2m2025-11-04T05:58:24.324516Z[0m [32m INFO[0m [2mriterm_shared::event_manager[0m[2m:[0m Starting event manager loop
[2m2025-11-04T05:58:24.326403Z[0m [32m INFO[0m [2mriterm_shared::event_manager[0m[2m:[0m Communication manager initialized successfully
[2m2025-11-04T05:58:24.326524Z[0m [32m INFO[0m [2mriterm_shared::quic_server[0m[2m:[0m Initializing QUIC message server...
[2m2025-11-04T05:58:24.326538Z[0m [32m INFO[0m [2mriterm_shared::quic_server[0m[2m:[0m Using default relay
[2m2025-11-04T05:58:24.421741Z[0m [32m INFO[0m [2mriterm_shared::quic_server[0m[2m:[0m QUIC server node ID: PublicKey(959bd9aa5e3821f1c4f4fbe65fde93e1d537302e7d1209c8e8633ebdc6c40b22)
[2m2025-11-04T05:58:24.422164Z[0m [32m INFO[0m [2mcli::message_server[0m[2m:[0m All message handlers registered successfully
🚀 RiTerm Host Server Started
🔑 Node ID: PublicKey(959bd9aa5e3821f1c4f...

🎫 Connection Ticket:
┌─────────────────────────────────────────────────────────────┐
│ ticket:PMRGC3DQNYRDUITSNF2GK4TNL5YXK2LDEIWCEY3SMVQXIZLEL5QXIIR2GE3TMMRSGM2TSMBUFQRGK3TEOBXWS3TUL5QWIZDSEI5CEZLZJJ2WEMSSNRMDE3DLJFVG62KSK42WWY2HHFYGE3SSIJNEOUTZJFEHGZ3BK5ITMSKGIIYVS3LYOBMTA5DMMVJWONKOKRWGSWSENRUFSVCWNRGXUZ3ZJVLVS6CZPJJG2TSHLJUVUVCZGFNG2UTMJ5KE43CNK5ITCTL2MN5E2RCKNRHDEULYJVVECNKZPJUGYT2ELF5E2MSWNFNEOTJSLF5FC52ZNJEXSS2TO5TVSV2SNNRW4TJWJFEHISTDINTXQTKDGQYE4QZUPFGUGNDYJ5CG6MSNNJGXOTLJNQ4USSBQNFGEGSTZLJLXQ2DFKY4TCY3NO5UU63JVGFREO53TJFWVE4DDNVLGUZCGHFUFUR2SPFNFQTT2LJME22KPNR2GITCDJJUGESCCOVEWU33JLEZDS5CMNZFHAZCHKZ4WEUZVORNFQTT2LFLWI3DDPE4HQSLOGA6SELBCNZXWIZK7NFSCEORCKB2WE3DJMNFWK6JIHE2TSYTEHFQWCNLFGM4DEMLGGFRTIZRUMZRGKNRVMZSGKOJTMUYWINJTG4ZTAMTFG5SDCMRQHFRTQZJYGYZTGZLCMRRTMYZUGBRDEMRJEIWCE4TFNRQXSX3VOJWCEOTOOVWGY7I=
│                                                                                                                                                                                                                                                                                                                                                                                                                                                                                                                                                                                                                                                                                                  │
└─────────────────────────────────────────────────────────────┘

📱 App Connection Instructions:
   1. Start the Riterm app
   2. Copy the connection ticket above
   3. Paste the ticket in the app and connect

✨ Your app is now ready to connect!
💡 The ticket contains all connection information needed

Press Ctrl+C to stop the server
[2m2025-11-04T05:58:25.331266Z[0m [32m INFO[0m [2mriterm_shared::event_manager[0m[2m:[0m Message processing loop ended for node: riterm_cli_host
[2m2025-11-04T05:58:25.902664Z[0m [32m INFO[0m [1mrelay-actor[0m[2m:[0m [2miroh::magicsock::transports::relay::actor[0m[2m:[0m home is now relay https://aps1-1.relay.n0.iroh-canary.iroh.link./, was None
🔄 Server running - waiting for connections...
🔄 Server running - waiting for connections...
🔄 Server running - waiting for connections...
🔄 Server running - waiting for connections...
🔄 Server running - waiting for connections...
🔄 Server running - waiting for connections...
🔄 Server running - waiting for connections...
🔄 Server running - waiting for connections...
🔄 Server running - waiting for connections...
🔄 Server running - waiting for connections...
🔄 Server running - waiting for connections...
🔄 Server running - waiting for connections...
🔄 Server running - waiting for connections...
🔄 Server running - waiting for connections...
🔄 Server running - waiting for connections...
🔄 Server running - waiting for connections...
🔄 Server running - waiting for connections...
🔄 Server running - waiting for connections...
🔄 Server running - waiting for connections...
